Using pre-set license
Built from '2020.3/staging' branch; Version is '2020.3.26f1 (7298b473bc1a) revision 7510196'; Using compiler version '192528614'; Build Type 'Release'
OS: 'Windows 10  (10.0.19043) 64bit Professional' Language: 'en' Physical Memory: 16146 MB
BatchMode: 1, IsHumanControllingUs: 0, StartBugReporterOnCrash: 0, Is64bit: 1, IsPro: 0

COMMAND LINE ARGUMENTS:
C:\Program Files\Unity\Hub\Editor\2020.3.26f1\Editor\Unity.exe
-adb2
-batchMode
-noUpm
-name
AssetImportWorker0
-projectPath
C:/Users/MattGray/Desktop/Projects/UnityPluginFork
-logFile
Logs/AssetImportWorker0.log
-srvPort
65269
Successfully changed project path to: C:/Users/MattGray/Desktop/Projects/UnityPluginFork
C:/Users/MattGray/Desktop/Projects/UnityPluginFork
Using Asset Import Pipeline V2.
Refreshing native plugins compatible for Editor in 102.94 ms, found 9 plugins.
Preloading 0 native plugins for Editor in 0.00 ms.
Initialize engine version: 2020.3.26f1 (7298b473bc1a)
[Subsystems] Discovering subsystems at path C:/Program Files/Unity/Hub/Editor/2020.3.26f1/Editor/Data/Resources/UnitySubsystems
[Subsystems] Discovering subsystems at path C:/Users/MattGray/Desktop/Projects/UnityPluginFork/Assets
GfxDevice: creating device client; threaded=0
Direct3D:
    Version:  Direct3D 11.0 [level 11.1]
    Renderer: NVIDIA GeForce RTX 2070 (ID=0x1f54)
    Vendor:   
    VRAM:     8031 MB
    Driver:   30.0.14.9676
Initialize mono
Mono path[0] = 'C:/Program Files/Unity/Hub/Editor/2020.3.26f1/Editor/Data/Managed'
Mono path[1] = 'C:/Program Files/Unity/Hub/Editor/2020.3.26f1/Editor/Data/MonoBleedingEdge/lib/mono/unityjit'
Mono config path = 'C:/Program Files/Unity/Hub/Editor/2020.3.26f1/Editor/Data/MonoBleedingEdge/etc'
Using monoOptions --debugger-agent=transport=dt_socket,embedding=1,server=y,suspend=n,address=127.0.0.1:56376
Begin MonoManager ReloadAssembly
Registering precompiled unity dll's ...
Register platform support module: C:/Program Files/Unity/Hub/Editor/2020.3.26f1/Editor/Data/PlaybackEngines/WebGLSupport/UnityEditor.WebGL.Extensions.dll
Register platform support module: C:/Program Files/Unity/Hub/Editor/2020.3.26f1/Editor/Data/PlaybackEngines/WindowsStandaloneSupport/UnityEditor.WindowsStandalone.Extensions.dll
Registered in 0.006948 seconds.
Native extension for WindowsStandalone target not found
Native extension for WebGL target not found
Refreshing native plugins compatible for Editor in 46.09 ms, found 9 plugins.
Preloading 0 native plugins for Editor in 0.00 ms.
Mono: successfully reloaded assembly
- Completed reload, in  0.686 seconds
Domain Reload Profiling:
	ReloadAssembly (686ms)
		BeginReloadAssembly (140ms)
			ExecutionOrderSort (0ms)
			DisableScriptedObjects (0ms)
			BackupInstance (0ms)
			ReleaseScriptingObjects (0ms)
			CreateAndSetChildDomain (1ms)
		EndReloadAssembly (468ms)
			LoadAssemblies (142ms)
			RebuildTransferFunctionScriptingTraits (0ms)
			SetupTypeCache (164ms)
			ReleaseScriptCaches (0ms)
			RebuildScriptCaches (26ms)
			SetupLoadedEditorAssemblies (170ms)
				LogAssemblyErrors (0ms)
				InitializePlatformSupportModulesInManaged (5ms)
				SetLoadedEditorAssemblies (0ms)
				RefreshPlugins (46ms)
				BeforeProcessingInitializeOnLoad (16ms)
				ProcessInitializeOnLoadAttributes (74ms)
				ProcessInitializeOnLoadMethodAttributes (28ms)
				AfterProcessingInitializeOnLoad (0ms)
				EditorAssembliesLoaded (0ms)
			ExecutionOrderSort2 (0ms)
			AwakeInstancesAfterBackupRestoration (0ms)
Platform modules already initialized, skipping
Registering precompiled user dll's ...
Registered in 0.048790 seconds.
Begin MonoManager ReloadAssembly
Native extension for WindowsStandalone target not found
Native extension for WebGL target not found
Refreshing native plugins compatible for Editor in 42.86 ms, found 9 plugins.
Preloading 0 native plugins for Editor in 0.00 ms.
Mono: successfully reloaded assembly
- Completed reload, in  1.364 seconds
Domain Reload Profiling:
	ReloadAssembly (1366ms)
		BeginReloadAssembly (214ms)
			ExecutionOrderSort (0ms)
			DisableScriptedObjects (4ms)
			BackupInstance (0ms)
			ReleaseScriptingObjects (0ms)
			CreateAndSetChildDomain (17ms)
		EndReloadAssembly (1092ms)
			LoadAssemblies (266ms)
			RebuildTransferFunctionScriptingTraits (0ms)
			SetupTypeCache (345ms)
			ReleaseScriptCaches (1ms)
			RebuildScriptCaches (52ms)
			SetupLoadedEditorAssemblies (384ms)
				LogAssemblyErrors (0ms)
				InitializePlatformSupportModulesInManaged (4ms)
				SetLoadedEditorAssemblies (0ms)
				RefreshPlugins (43ms)
				BeforeProcessingInitializeOnLoad (86ms)
				ProcessInitializeOnLoadAttributes (231ms)
				ProcessInitializeOnLoadMethodAttributes (12ms)
				AfterProcessingInitializeOnLoad (7ms)
				EditorAssembliesLoaded (0ms)
			ExecutionOrderSort2 (0ms)
			AwakeInstancesAfterBackupRestoration (5ms)
Platform modules already initialized, skipping
========================================================================
Worker process is ready to serve import requests
Launched and connected shader compiler UnityShaderCompiler.exe after 0.05 seconds
Refreshing native plugins compatible for Editor in 0.61 ms, found 9 plugins.
Preloading 0 native plugins for Editor in 0.00 ms.
Unloading 2383 Unused Serialized files (Serialized files now loaded: 0)
System memory in use before: 99.2 MB.
System memory in use after: 99.1 MB.

Unloading 51 unused Assets to reduce memory usage. Loaded Objects now: 2790.
Total: 2.974100 ms (FindLiveObjects: 0.175500 ms CreateObjectMapping: 0.112000 ms MarkObjects: 2.491400 ms  DeleteObjects: 0.194500 ms)

AssetImportParameters requested are different than current active one (requested -> active):
  custom:framework-win-MediaFoundation: 216162199b28c13a410421893ffa2e32 -> 
  custom:video-decoder-ogg-theora: a1e56fd34408186e4bbccfd4996cb3dc -> 
  custom:container-muxer-webm: aa71ff27fc2769a1b78a27578f13a17b -> 
  custom:container-demuxer-webm: 4f35f7cbe854078d1ac9338744f61a02 -> 
  custom:container-demuxer-ogg: 62fdf1f143b41e24485cea50d1cbac27 -> 
  custom:video-encoder-webm-vp8: eb34c28f22e8b96e1ab97ce403110664 -> 
  custom:video-decoder-webm-vp8: 9c59270c3fd7afecdb556c50c9e8de78 -> 
  custom:audio-decoder-ogg-vorbis: bf7c407c2cedff20999df2af8eb42d56 -> 
  custom:audio-encoder-webm-vorbis: bf7c407c2cedff20999df2af8eb42d56 -> 
========================================================================
Received Import Request.
  path: Assets
  artifactKey: Guid(00000000000000001000000000000000) Importer(815301076,1909f56bfc062723c751e8b465ee728b)
Start importing Assets using Guid(00000000000000001000000000000000) Importer(815301076,1909f56bfc062723c751e8b465ee728b)  -> (artifact id: '42d402b061de3733987d63b9cc3b64de') in 0.009626 seconds 
  Import took 0.013557 seconds .

========================================================================
Received Import Request.
  Time since last request: 30.742364 seconds.
  path: Assets/Samples/Ultraleap Tracking/5.2.0/Examples/Interaction Engine Examples/9. Articulation Hands/New Lighting Settings.lighting
  artifactKey: Guid(ff0b03d24afbeb740be101c10c79741d) Importer(815301076,1909f56bfc062723c751e8b465ee728b)
Start importing Assets/Samples/Ultraleap Tracking/5.2.0/Examples/Interaction Engine Examples/9. Articulation Hands/New Lighting Settings.lighting using Guid(ff0b03d24afbeb740be101c10c79741d) Importer(815301076,1909f56bfc062723c751e8b465ee728b)  -> (artifact id: '2370a7904f9e105968f34ff4f96254af') in 0.035224 seconds 
  Import took 0.039126 seconds .

========================================================================
Received Import Request.
  Time since last request: 4.555027 seconds.
  path: Assets/Samples/Ultraleap Tracking/5.2.0/Examples/Interaction Engine Examples/9. Articulation Hands
  artifactKey: Guid(e9fbc8af352855849acc04fa5aa111b1) Importer(815301076,1909f56bfc062723c751e8b465ee728b)
Start importing Assets/Samples/Ultraleap Tracking/5.2.0/Examples/Interaction Engine Examples/9. Articulation Hands using Guid(e9fbc8af352855849acc04fa5aa111b1) Importer(815301076,1909f56bfc062723c751e8b465ee728b)  -> (artifact id: 'cd64d9a604217898aaad9bbbd6a5d908') in 0.008079 seconds 
  Import took 0.011873 seconds .

========================================================================
Received Import Request.
  Time since last request: 367.786769 seconds.
  path: Assets/Samples/Ultraleap Tracking/5.2.0/Examples/Interaction Engine Examples/9. Articulation Hands/Articulation Hands Simple.unity
  artifactKey: Guid(06601ecc6886e164cb3dd46e9e7090b4) Importer(815301076,1909f56bfc062723c751e8b465ee728b)
Start importing Assets/Samples/Ultraleap Tracking/5.2.0/Examples/Interaction Engine Examples/9. Articulation Hands/Articulation Hands Simple.unity using Guid(06601ecc6886e164cb3dd46e9e7090b4) Importer(815301076,1909f56bfc062723c751e8b465ee728b)  -> (artifact id: '20109774289cf3a376afb9d53b0dcc88') in 0.009002 seconds 
  Import took 0.020052 seconds .

========================================================================
Received Import Request.
  Time since last request: 135.115862 seconds.
  path: Assets/Samples
  artifactKey: Guid(aee1deca2c70e48458435c2d2cf78a42) Importer(815301076,1909f56bfc062723c751e8b465ee728b)
Start importing Assets/Samples using Guid(aee1deca2c70e48458435c2d2cf78a42) Importer(815301076,1909f56bfc062723c751e8b465ee728b)  -> (artifact id: '61a6e445bd2bee90efd2cd6791328c75') in 0.007599 seconds 
  Import took 0.015429 seconds .

========================================================================
Received Import Request.
  Time since last request: 1.925914 seconds.
  path: Assets/XR
  artifactKey: Guid(4431754466b877449848135ba2b3af8e) Importer(815301076,1909f56bfc062723c751e8b465ee728b)
Start importing Assets/XR using Guid(4431754466b877449848135ba2b3af8e) Importer(815301076,1909f56bfc062723c751e8b465ee728b)  -> (artifact id: 'cc1d6e81880479942679c741cf718bad') in 0.007623 seconds 
  Import took 0.011121 seconds .

========================================================================
Received Import Request.
  Time since last request: 11.861314 seconds.
  path: Assets/XR/XRGeneralSettings.asset
  artifactKey: Guid(d5c3faeea03655648811b56c3c06ab39) Importer(815301076,1909f56bfc062723c751e8b465ee728b)
Start importing Assets/XR/XRGeneralSettings.asset using Guid(d5c3faeea03655648811b56c3c06ab39) Importer(815301076,1909f56bfc062723c751e8b465ee728b)  -> (artifact id: '3c53bb86000320eb8569b288230eed58') in 0.016024 seconds 
  Import took 0.020397 seconds .

========================================================================
Received Prepare
Registering precompiled user dll's ...
Registered in 0.049348 seconds.
Begin MonoManager ReloadAssembly
Native extension for WindowsStandalone target not found
Native extension for WebGL target not found
Refreshing native plugins compatible for Editor in 0.61 ms, found 9 plugins.
Preloading 0 native plugins for Editor in 0.00 ms.
Mono: successfully reloaded assembly
- Completed reload, in  1.165 seconds
Domain Reload Profiling:
	ReloadAssembly (1165ms)
		BeginReloadAssembly (198ms)
			ExecutionOrderSort (0ms)
			DisableScriptedObjects (4ms)
			BackupInstance (0ms)
			ReleaseScriptingObjects (0ms)
			CreateAndSetChildDomain (30ms)
		EndReloadAssembly (910ms)
			LoadAssemblies (253ms)
			RebuildTransferFunctionScriptingTraits (0ms)
			SetupTypeCache (298ms)
			ReleaseScriptCaches (1ms)
			RebuildScriptCaches (34ms)
			SetupLoadedEditorAssemblies (313ms)
				LogAssemblyErrors (0ms)
				InitializePlatformSupportModulesInManaged (4ms)
				SetLoadedEditorAssemblies (0ms)
				RefreshPlugins (1ms)
				BeforeProcessingInitializeOnLoad (77ms)
				ProcessInitializeOnLoadAttributes (211ms)
				ProcessInitializeOnLoadMethodAttributes (12ms)
				AfterProcessingInitializeOnLoad (6ms)
				EditorAssembliesLoaded (0ms)
			ExecutionOrderSort2 (0ms)
			AwakeInstancesAfterBackupRestoration (6ms)
Platform modules already initialized, skipping
Refreshing native plugins compatible for Editor in 0.57 ms, found 9 plugins.
Preloading 0 native plugins for Editor in 0.00 ms.
Unloading 2337 Unused Serialized files (Serialized files now loaded: 0)
System memory in use before: 97.4 MB.
System memory in use after: 97.4 MB.

Unloading 68 unused Assets to reduce memory usage. Loaded Objects now: 2768.
Total: 3.010200 ms (FindLiveObjects: 0.182400 ms CreateObjectMapping: 0.095500 ms MarkObjects: 2.485100 ms  DeleteObjects: 0.246600 ms)

AssetImportParameters requested are different than current active one (requested -> active):
  custom:framework-win-MediaFoundation: 216162199b28c13a410421893ffa2e32 -> 
  custom:video-decoder-ogg-theora: a1e56fd34408186e4bbccfd4996cb3dc -> 
  custom:container-muxer-webm: aa71ff27fc2769a1b78a27578f13a17b -> 
  custom:container-demuxer-webm: 4f35f7cbe854078d1ac9338744f61a02 -> 
  custom:container-demuxer-ogg: 62fdf1f143b41e24485cea50d1cbac27 -> 
  custom:video-encoder-webm-vp8: eb34c28f22e8b96e1ab97ce403110664 -> 
  custom:video-decoder-webm-vp8: 9c59270c3fd7afecdb556c50c9e8de78 -> 
  custom:audio-decoder-ogg-vorbis: bf7c407c2cedff20999df2af8eb42d56 -> 
  custom:audio-encoder-webm-vorbis: bf7c407c2cedff20999df2af8eb42d56 -> 
========================================================================
Received Import Request.
  Time since last request: 14.832245 seconds.
  path: Assets/XR/Loaders
  artifactKey: Guid(0796aae1a4308ca479e11818f9e7fad9) Importer(815301076,1909f56bfc062723c751e8b465ee728b)
Start importing Assets/XR/Loaders using Guid(0796aae1a4308ca479e11818f9e7fad9) Importer(815301076,1909f56bfc062723c751e8b465ee728b)  -> (artifact id: '0dfaa01b8dbf20dddff06b5e42c5136f') in 0.009491 seconds 
  Import took 0.017180 seconds .

========================================================================
Received Import Request.
  Time since last request: 56.038668 seconds.
  path: Assets/9. Articulation Hands/Articulation Hands Simple.unity
  artifactKey: Guid(06601ecc6886e164cb3dd46e9e7090b4) Importer(815301076,1909f56bfc062723c751e8b465ee728b)
Start importing Assets/9. Articulation Hands/Articulation Hands Simple.unity using Guid(06601ecc6886e164cb3dd46e9e7090b4) Importer(815301076,1909f56bfc062723c751e8b465ee728b)  -> (artifact id: 'e888b8f33c5ea9abce19da5dd8593f94') in 0.015081 seconds 
  Import took 0.018584 seconds .

========================================================================
Received Import Request.
  Time since last request: 30.004146 seconds.
  path: Packages/com.ultraleap.tracking/Core/Runtime/Materials/AlphaToWhite.mat
  artifactKey: Guid(72e5fb030c388e14f8988b632aea539a) Importer(815301076,1909f56bfc062723c751e8b465ee728b)
Start importing Packages/com.ultraleap.tracking/Core/Runtime/Materials/AlphaToWhite.mat using Guid(72e5fb030c388e14f8988b632aea539a) Importer(815301076,1909f56bfc062723c751e8b465ee728b)  -> (artifact id: '77cb262241e48a4d7be09d25bd2d368c') in 0.088738 seconds 
  Import took 0.092316 seconds .

========================================================================
Received Import Request.
  Time since last request: 0.000219 seconds.
  path: Packages/com.ultraleap.tracking/Core/Runtime/Models/StereoIR170-interaction-cone.obj
  artifactKey: Guid(39d0d2580bd1f6c43882f03f38e7e946) Importer(815301076,1909f56bfc062723c751e8b465ee728b)
Start importing Packages/com.ultraleap.tracking/Core/Runtime/Models/StereoIR170-interaction-cone.obj using Guid(39d0d2580bd1f6c43882f03f38e7e946) Importer(815301076,1909f56bfc062723c751e8b465ee728b)  -> (artifact id: 'e04c8e226e894dbda04d4cc121eefb7e') in 0.070063 seconds 
  Import took 0.073804 seconds .

========================================================================
Received Import Request.
  Time since last request: 0.000204 seconds.
  path: Packages/com.ultraleap.tracking/Core/Runtime/Materials/Passthrough/Background.mat
  artifactKey: Guid(5542e7d1f79ac814389a3f5fe0c55630) Importer(815301076,1909f56bfc062723c751e8b465ee728b)
Start importing Packages/com.ultraleap.tracking/Core/Runtime/Materials/Passthrough/Background.mat using Guid(5542e7d1f79ac814389a3f5fe0c55630) Importer(815301076,1909f56bfc062723c751e8b465ee728b)  -> (artifact id: '2104749fcf57af6b407080d1868c7fcd') in 0.019670 seconds 
  Import took 0.023301 seconds .

========================================================================
Received Import Request.
  Time since last request: 0.000198 seconds.
  path: Packages/com.ultraleap.tracking/Core/Runtime/Materials/Passthrough/Foreground.mat
  artifactKey: Guid(5c4d27217d0496548bc3a3896886cf70) Importer(815301076,1909f56bfc062723c751e8b465ee728b)
Start importing Packages/com.ultraleap.tracking/Core/Runtime/Materials/Passthrough/Foreground.mat using Guid(5c4d27217d0496548bc3a3896886cf70) Importer(815301076,1909f56bfc062723c751e8b465ee728b)  -> (artifact id: '76ff8ce90886fa014847a6da21bba6ef') in 0.018780 seconds 
  Import took 0.021852 seconds .

========================================================================
Received Import Request.
  Time since last request: 0.000299 seconds.
  path: Packages/com.ultraleap.tracking/Hands/Runtime/Models/GenericHand/Ghost Hand.mat
  artifactKey: Guid(4c1d8de22955e4a4c8dda3f54365517d) Importer(815301076,1909f56bfc062723c751e8b465ee728b)
Start importing Packages/com.ultraleap.tracking/Hands/Runtime/Models/GenericHand/Ghost Hand.mat using Guid(4c1d8de22955e4a4c8dda3f54365517d) Importer(815301076,1909f56bfc062723c751e8b465ee728b)  -> (artifact id: '7744d341d7e5b2798434223e286975f6') in 0.036986 seconds 
  Import took 0.040279 seconds .

========================================================================
Received Import Request.
  Time since last request: 0.000174 seconds.
  path: Packages/com.ultraleap.tracking.preview/UI Input/Runtime/Textures/Roboto-Medium.ttf
  artifactKey: Guid(5b964491dc225bb489190e46b82093ca) Importer(815301076,1909f56bfc062723c751e8b465ee728b)
Start importing Packages/com.ultraleap.tracking.preview/UI Input/Runtime/Textures/Roboto-Medium.ttf using Guid(5b964491dc225bb489190e46b82093ca) Importer(815301076,1909f56bfc062723c751e8b465ee728b)  -> (artifact id: 'd05f35695d01b9c64e9dd04651c1e42d') in 0.042289 seconds 
  Import took 0.045578 seconds .

